{"/Users/christophecharlebois/Documents/coffee-machine/src/drinkOrderAdapter.ts": {"path":"/Users/christophecharlebois/Documents/coffee-machine/src/drinkOrderAdapter.ts","statementMap":{"0":{"start":{"line":8,"column":35},"end":{"line":10,"column":1}},"1":{"start":{"line":9,"column":4},"end":{"line":9,"column":87}},"2":{"start":{"line":12,"column":50},"end":{"line":16,"column":1}},"3":{"start":{"line":18,"column":23},"end":{"line":20,"column":1}},"4":{"start":{"line":19,"column":4},"end":{"line":19,"column":30}},"5":{"start":{"line":22,"column":50},"end":{"line":25,"column":1}},"6":{"start":{"line":26,"column":23},"end":{"line":28,"column":1}},"7":{"start":{"line":27,"column":3},"end":{"line":27,"column":29}},"8":{"start":{"line":30,"column":50},"end":{"line":34,"column":1}},"9":{"start":{"line":36,"column":23},"end":{"line":38,"column":1}},"10":{"start":{"line":37,"column":4},"end":{"line":37,"column":30}}},"fnMap":{"0":{"name":"(anonymous_0)","decl":{"start":{"line":8,"column":35},"end":{"line":8,"column":36}},"loc":{"start":{"line":8,"column":90},"end":{"line":10,"column":1}},"line":8},"1":{"name":"(anonymous_1)","decl":{"start":{"line":18,"column":23},"end":{"line":18,"column":24}},"loc":{"start":{"line":18,"column":55},"end":{"line":20,"column":1}},"line":18},"2":{"name":"(anonymous_2)","decl":{"start":{"line":26,"column":23},"end":{"line":26,"column":24}},"loc":{"start":{"line":26,"column":55},"end":{"line":28,"column":1}},"line":26},"3":{"name":"(anonymous_3)","decl":{"start":{"line":36,"column":23},"end":{"line":36,"column":24}},"loc":{"start":{"line":36,"column":55},"end":{"line":38,"column":1}},"line":36}},"branchMap":{},"s":{"0":1,"1":1,"2":1,"3":1,"4":1,"5":1,"6":1,"7":1,"8":1,"9":1,"10":1},"f":{"0":1,"1":1,"2":1,"3":1},"b":{},"_coverageSchema":"1a1c01bbd47fc00a2c39e90264f33305004495a9","hash":"941ed0560b92b41c8255fddc045e7cfeaab8bfe5"}
,"/Users/christophecharlebois/Documents/coffee-machine/src/index.ts": {"path":"/Users/christophecharlebois/Documents/coffee-machine/src/index.ts","statementMap":{"0":{"start":{"line":46,"column":28},"end":{"line":64,"column":1}},"1":{"start":{"line":48,"column":4},"end":{"line":50,"column":5}},"2":{"start":{"line":49,"column":8},"end":{"line":49,"column":27}},"3":{"start":{"line":51,"column":4},"end":{"line":57,"column":5}},"4":{"start":{"line":52,"column":8},"end":{"line":56,"column":9}},"5":{"start":{"line":58,"column":4},"end":{"line":62,"column":5}}},"fnMap":{"0":{"name":"(anonymous_0)","decl":{"start":{"line":46,"column":28},"end":{"line":46,"column":29}},"loc":{"start":{"line":46,"column":81},"end":{"line":64,"column":1}},"line":46}},"branchMap":{"0":{"loc":{"start":{"line":48,"column":4},"end":{"line":50,"column":5}},"type":"if","locations":[{"start":{"line":48,"column":4},"end":{"line":50,"column":5}},{"start":{},"end":{}}],"line":48},"1":{"loc":{"start":{"line":51,"column":4},"end":{"line":57,"column":5}},"type":"if","locations":[{"start":{"line":51,"column":4},"end":{"line":57,"column":5}},{"start":{},"end":{}}],"line":51}},"s":{"0":1,"1":2,"2":0,"3":0,"4":0,"5":0},"f":{"0":2},"b":{"0":[0,0],"1":[0,0]},"_coverageSchema":"1a1c01bbd47fc00a2c39e90264f33305004495a9","hash":"b2cf37b6ad271e25167c3d563a1405da9c33845b"}
}
