{"/Users/christophecharlebois/Documents/FrontEnd/coffee-machine/src/drinkOrderAdapter.ts": {"path":"/Users/christophecharlebois/Documents/FrontEnd/coffee-machine/src/drinkOrderAdapter.ts","statementMap":{"0":{"start":{"line":8,"column":35},"end":{"line":10,"column":1}},"1":{"start":{"line":9,"column":4},"end":{"line":9,"column":87}},"2":{"start":{"line":12,"column":50},"end":{"line":16,"column":1}},"3":{"start":{"line":18,"column":23},"end":{"line":20,"column":1}},"4":{"start":{"line":19,"column":4},"end":{"line":19,"column":30}},"5":{"start":{"line":22,"column":50},"end":{"line":25,"column":1}},"6":{"start":{"line":26,"column":23},"end":{"line":28,"column":1}},"7":{"start":{"line":27,"column":3},"end":{"line":27,"column":29}},"8":{"start":{"line":30,"column":50},"end":{"line":35,"column":1}},"9":{"start":{"line":37,"column":23},"end":{"line":39,"column":1}},"10":{"start":{"line":38,"column":4},"end":{"line":38,"column":30}}},"fnMap":{"0":{"name":"(anonymous_0)","decl":{"start":{"line":8,"column":35},"end":{"line":8,"column":36}},"loc":{"start":{"line":8,"column":90},"end":{"line":10,"column":1}},"line":8},"1":{"name":"(anonymous_1)","decl":{"start":{"line":18,"column":23},"end":{"line":18,"column":24}},"loc":{"start":{"line":18,"column":55},"end":{"line":20,"column":1}},"line":18},"2":{"name":"(anonymous_2)","decl":{"start":{"line":26,"column":23},"end":{"line":26,"column":24}},"loc":{"start":{"line":26,"column":55},"end":{"line":28,"column":1}},"line":26},"3":{"name":"(anonymous_3)","decl":{"start":{"line":37,"column":23},"end":{"line":37,"column":24}},"loc":{"start":{"line":37,"column":55},"end":{"line":39,"column":1}},"line":37}},"branchMap":{},"s":{"0":1,"1":2,"2":1,"3":1,"4":2,"5":1,"6":1,"7":2,"8":1,"9":1,"10":2},"f":{"0":2,"1":2,"2":2,"3":2},"b":{},"_coverageSchema":"1a1c01bbd47fc00a2c39e90264f33305004495a9","hash":"18495a62df04f318cb40866cb3858f7417e8de00"}
,"/Users/christophecharlebois/Documents/FrontEnd/coffee-machine/src/index.ts": {"path":"/Users/christophecharlebois/Documents/FrontEnd/coffee-machine/src/index.ts","statementMap":{"0":{"start":{"line":33,"column":47},"end":{"line":38,"column":1}},"1":{"start":{"line":43,"column":28},"end":{"line":61,"column":1}},"2":{"start":{"line":44,"column":18},"end":{"line":44,"column":50}},"3":{"start":{"line":45,"column":4},"end":{"line":47,"column":5}},"4":{"start":{"line":46,"column":8},"end":{"line":46,"column":33}},"5":{"start":{"line":48,"column":4},"end":{"line":54,"column":5}},"6":{"start":{"line":49,"column":8},"end":{"line":53,"column":9}},"7":{"start":{"line":55,"column":4},"end":{"line":59,"column":5}}},"fnMap":{"0":{"name":"(anonymous_0)","decl":{"start":{"line":43,"column":28},"end":{"line":43,"column":29}},"loc":{"start":{"line":43,"column":89},"end":{"line":61,"column":1}},"line":43}},"branchMap":{"0":{"loc":{"start":{"line":45,"column":4},"end":{"line":47,"column":5}},"type":"if","locations":[{"start":{"line":45,"column":4},"end":{"line":47,"column":5}},{"start":{},"end":{}}],"line":45},"1":{"loc":{"start":{"line":48,"column":4},"end":{"line":54,"column":5}},"type":"if","locations":[{"start":{"line":48,"column":4},"end":{"line":54,"column":5}},{"start":{},"end":{}}],"line":48}},"s":{"0":1,"1":1,"2":3,"3":3,"4":1,"5":2,"6":1,"7":1},"f":{"0":3},"b":{"0":[1,2],"1":[1,1]},"_coverageSchema":"1a1c01bbd47fc00a2c39e90264f33305004495a9","hash":"4ffeb526434664b5c0e86b36c9fe4a8e74678455"}
}
