TN:
SF:src/drinkOrderAdapter.ts
FN:8,(anonymous_0)
FN:18,(anonymous_1)
FN:26,(anonymous_2)
FN:37,(anonymous_3)
FNF:4
FNH:4
FNDA:2,(anonymous_0)
FNDA:2,(anonymous_1)
FNDA:2,(anonymous_2)
FNDA:2,(anonymous_3)
DA:8,1
DA:9,2
DA:12,1
DA:18,1
DA:19,2
DA:22,1
DA:26,1
DA:27,2
DA:30,1
DA:37,1
DA:38,2
LF:11
LH:11
BRF:0
BRH:0
end_of_record
TN:
SF:src/index.ts
FN:43,(anonymous_0)
FNF:1
FNH:1
FNDA:3,(anonymous_0)
DA:33,1
DA:43,1
DA:44,3
DA:45,3
DA:46,1
DA:48,2
DA:49,1
DA:55,1
LF:8
LH:8
BRDA:45,0,0,1
BRDA:45,0,1,2
BRDA:48,1,0,1
BRDA:48,1,1,1
BRF:4
BRH:4
end_of_record
