TN:
SF:src/drinkOrderAdapter.ts
FN:8,(anonymous_0)
FN:18,(anonymous_1)
FN:26,(anonymous_2)
FN:36,(anonymous_3)
FNF:4
FNH:4
FNDA:1,(anonymous_0)
FNDA:1,(anonymous_1)
FNDA:1,(anonymous_2)
FNDA:1,(anonymous_3)
DA:8,1
DA:9,1
DA:12,1
DA:18,1
DA:19,1
DA:22,1
DA:26,1
DA:27,1
DA:30,1
DA:36,1
DA:37,1
LF:11
LH:11
BRF:0
BRH:0
end_of_record
TN:
SF:src/index.ts
FN:46,(anonymous_0)
FNF:1
FNH:1
FNDA:2,(anonymous_0)
DA:46,1
DA:48,2
DA:49,0
DA:51,0
DA:52,0
DA:58,0
LF:6
LH:2
BRDA:48,0,0,0
BRDA:48,0,1,0
BRDA:51,1,0,0
BRDA:51,1,1,0
BRF:4
BRH:0
end_of_record
